<?xml version="1.0" encoding="UTF-8"?>
<testng-results skipped="0" failed="0" total="1" passed="1">
  <reporter-output>
  </reporter-output>
  <suite name="Default suite" duration-ms="16743" started-at="2016-03-01T02:28:22Z" finished-at="2016-03-01T02:28:38Z">
    <groups>
    </groups>
    <test name="Default test" duration-ms="16743" started-at="2016-03-01T02:28:22Z" finished-at="2016-03-01T02:28:38Z">
      <class name="MoovWebSupportLink.AllLinksPresent">
        <test-method status="PASS" signature="beforeMethod()[pri:0, instance:MoovWebSupportLink.AllLinksPresent@1d251891]" name="beforeMethod" is-config="true" duration-ms="12580" started-at="2016-02-29T18:28:22Z" finished-at="2016-02-29T18:28:34Z">
          <reporter-output>
          </reporter-output>
        </test-method> <!-- beforeMethod -->
        <test-method status="PASS" signature="main()[pri:0, instance:MoovWebSupportLink.AllLinksPresent@1d251891]" name="main" duration-ms="4113" started-at="2016-02-29T18:28:34Z" finished-at="2016-02-29T18:28:38Z">
          <reporter-output>
          </reporter-output>
        </test-method> <!-- main -->
        <test-method status="PASS" signature="afterMethod()[pri:0, instance:MoovWebSupportLink.AllLinksPresent@1d251891]" name="afterMethod" is-config="true" duration-ms="16" started-at="2016-02-29T18:28:38Z" finished-at="2016-02-29T18:28:38Z">
          <reporter-output>
          </reporter-output>
        </test-method> <!-- afterMethod -->
      </class> <!-- MoovWebSupportLink.AllLinksPresent -->
    </test> <!-- Default test -->
  </suite> <!-- Default suite -->
</testng-results>
